This is pdfTeX, Version 3.1415926-2.5-1.40.14 (MiKTeX 2.9) (preloaded format=pdflatex 2015.4.14)  30 JUN 2016 19:15
entering extended mode
**C:/Users/cpr22/Google*Drive/work/ypfs/cpp/code/CPP.tex
("C:/Users/cpr22/Google Drive/work/ypfs/cpp/code/CPP.tex"
LaTeX2e <2011/06/27>
Babel <v3.8m> and hyphenation patterns for english, afrikaans, ancientgreek, ar
abic, armenian, assamese, basque, bengali, bokmal, bulgarian, catalan, coptic, 
croatian, czech, danish, dutch, esperanto, estonian, farsi, finnish, french, ga
lician, german, german-x-2013-05-26, greek, gujarati, hindi, hungarian, iceland
ic, indonesian, interlingua, irish, italian, kannada, kurmanji, latin, latvian,
 lithuanian, malayalam, marathi, mongolian, mongolianlmc, monogreek, ngerman, n
german-x-2013-05-26, nynorsk, oriya, panjabi, pinyin, polish, portuguese, roman
ian, russian, sanskrit, serbian, slovak, slovenian, spanish, swedish, swissgerm
an, tamil, telugu, turkish, turkmen, ukenglish, ukrainian, uppersorbian, usengl
ishmax, welsh, loaded.
(X:\tex\miktex\tex\latex\base\article.cls
Document Class: article 2007/10/19 v1.4h Standard LaTeX document class
(X:\tex\miktex\tex\latex\base\size12.clo
File: size12.clo 2007/10/19 v1.4h Standard LaTeX file (size option)
)
\c@part=\count79
\c@section=\count80
\c@subsection=\count81
\c@subsubsection=\count82
\c@paragraph=\count83
\c@subparagraph=\count84
\c@figure=\count85
\c@table=\count86
\abovecaptionskip=\skip41
\belowcaptionskip=\skip42
\bibindent=\dimen102
)
(X:\tex\miktex\tex\latex\tools\longtable.sty
Package: longtable 2004/02/01 v4.11 Multi-page Table package (DPC)
\LTleft=\skip43
\LTright=\skip44
\LTpre=\skip45
\LTpost=\skip46
\LTchunksize=\count87
\LTcapwidth=\dimen103
\LT@head=\box26
\LT@firsthead=\box27
\LT@foot=\box28
\LT@lastfoot=\box29
\LT@cols=\count88
\LT@rows=\count89
\c@LT@tables=\count90
\c@LT@chunks=\count91
\LT@p@ftn=\toks14
)
(X:\tex\miktex\tex\latex\geometry\geometry.sty
Package: geometry 2010/09/12 v5.6 Page Geometry

(X:\tex\miktex\tex\latex\graphics\keyval.sty
Package: keyval 1999/03/16 v1.13 key=value parser (DPC)
\KV@toks@=\toks15
)
(X:\tex\miktex\tex\generic\oberdiek\ifpdf.sty
Package: ifpdf 2011/01/30 v2.3 Provides the ifpdf switch (HO)
Package ifpdf Info: pdfTeX in PDF mode is detected.
)
(X:\tex\miktex\tex\generic\oberdiek\ifvtex.sty
Package: ifvtex 2010/03/01 v1.5 Detect VTeX and its facilities (HO)
Package ifvtex Info: VTeX not detected.
)
(X:\tex\miktex\tex\generic\ifxetex\ifxetex.sty
Package: ifxetex 2010/09/12 v0.6 Provides ifxetex conditional
)
\Gm@cnth=\count92
\Gm@cntv=\count93
\c@Gm@tempcnt=\count94
\Gm@bindingoffset=\dimen104
\Gm@wd@mp=\dimen105
\Gm@odd@mp=\dimen106
\Gm@even@mp=\dimen107
\Gm@layoutwidth=\dimen108
\Gm@layoutheight=\dimen109
\Gm@layouthoffset=\dimen110
\Gm@layoutvoffset=\dimen111
\Gm@dimlist=\toks16

(X:\tex\miktex\tex\latex\geometry\geometry.cfg))
(X:\tex\miktex\tex\latex\natbib\natbib.sty
Package: natbib 2010/09/13 8.31b (PWD, AO)
\bibhang=\skip47
\bibsep=\skip48
LaTeX Info: Redefining \cite on input line 694.
\c@NAT@ctr=\count95
)
(X:\tex\miktex\tex\latex\booktabs\booktabs.sty
Package: booktabs 2005/04/14 v1.61803 publication quality tables
\heavyrulewidth=\dimen112
\lightrulewidth=\dimen113
\cmidrulewidth=\dimen114
\belowrulesep=\dimen115
\belowbottomsep=\dimen116
\aboverulesep=\dimen117
\abovetopsep=\dimen118
\cmidrulesep=\dimen119
\cmidrulekern=\dimen120
\defaultaddspace=\dimen121
\@cmidla=\count96
\@cmidlb=\count97
\@aboverulesep=\dimen122
\@belowrulesep=\dimen123
\@thisruleclass=\count98
\@lastruleclass=\count99
\@thisrulewidth=\dimen124
)
(X:\tex\miktex\tex\latex\amsfonts\amssymb.sty
Package: amssymb 2013/01/14 v3.01 AMS font symbols

(X:\tex\miktex\tex\latex\amsfonts\amsfonts.sty
Package: amsfonts 2013/01/14 v3.01 Basic AMSFonts support
\@emptytoks=\toks17
\symAMSa=\mathgroup4
\symAMSb=\mathgroup5
LaTeX Font Info:    Overwriting math alphabet `\mathfrak' in version `bold'
(Font)                  U/euf/m/n --> U/euf/b/n on input line 106.
))
(X:\tex\miktex\tex\latex\amsmath\amsmath.sty
Package: amsmath 2013/01/14 v2.14 AMS math features
\@mathmargin=\skip49

For additional information on amsmath, use the `?' option.
(X:\tex\miktex\tex\latex\amsmath\amstext.sty
Package: amstext 2000/06/29 v2.01

(X:\tex\miktex\tex\latex\amsmath\amsgen.sty
File: amsgen.sty 1999/11/30 v2.0
\@emptytoks=\toks18
\ex@=\dimen125
))
(X:\tex\miktex\tex\latex\amsmath\amsbsy.sty
Package: amsbsy 1999/11/29 v1.2d
\pmbraise@=\dimen126
)
(X:\tex\miktex\tex\latex\amsmath\amsopn.sty
Package: amsopn 1999/12/14 v2.01 operator names
)
\inf@bad=\count100
LaTeX Info: Redefining \frac on input line 210.
\uproot@=\count101
\leftroot@=\count102
LaTeX Info: Redefining \overline on input line 306.
\classnum@=\count103
\DOTSCASE@=\count104
LaTeX Info: Redefining \ldots on input line 378.
LaTeX Info: Redefining \dots on input line 381.
LaTeX Info: Redefining \cdots on input line 466.
\Mathstrutbox@=\box30
\strutbox@=\box31
\big@size=\dimen127
LaTeX Font Info:    Redeclaring font encoding OML on input line 566.
LaTeX Font Info:    Redeclaring font encoding OMS on input line 567.
\macc@depth=\count105
\c@MaxMatrixCols=\count106
\dotsspace@=\muskip10
\c@parentequation=\count107
\dspbrk@lvl=\count108
\tag@help=\toks19
\row@=\count109
\column@=\count110
\maxfields@=\count111
\andhelp@=\toks20
\eqnshift@=\dimen128
\alignsep@=\dimen129
\tagshift@=\dimen130
\tagwidth@=\dimen131
\totwidth@=\dimen132
\lineht@=\dimen133
\@envbody=\toks21
\multlinegap=\skip50
\multlinetaggap=\skip51
\mathdisplay@stack=\toks22
LaTeX Info: Redefining \[ on input line 2665.
LaTeX Info: Redefining \] on input line 2666.
)
(X:\tex\miktex\tex\latex\outlines\outlines.sty
Package: outlines 2012/1/23 1.1 Ch. Pecheur

(X:\tex\miktex\tex\latex\base\ifthen.sty
Package: ifthen 2001/05/26 v1.1c Standard LaTeX ifthen package (DPC)
))
(X:\tex\miktex\tex\latex\soul\soul.sty
Package: soul 2003/11/17 v2.4 letterspacing/underlining (mf)
\SOUL@word=\toks23
\SOUL@lasttoken=\toks24
\SOUL@cmds=\toks25
\SOUL@buffer=\toks26
\SOUL@token=\toks27
\SOUL@spaceskip=\skip52
\SOUL@ttwidth=\dimen134
\SOUL@uldp=\dimen135
\SOUL@ulht=\dimen136
)
(X:\tex\miktex\tex\latex\eurosym\eurosym.sty
Package: eurosym 1998/08/06 v1.1 European currency symbol ``Euro''
\@eurobox=\box32
)
(X:\tex\miktex\tex\latex\graphics\graphicx.sty
Package: graphicx 1999/02/16 v1.0f Enhanced LaTeX Graphics (DPC,SPQR)

(X:\tex\miktex\tex\latex\graphics\graphics.sty
Package: graphics 2009/02/05 v1.0o Standard LaTeX Graphics (DPC,SPQR)

(X:\tex\miktex\tex\latex\graphics\trig.sty
Package: trig 1999/03/16 v1.09 sin cos tan (DPC)
)
(X:\tex\miktex\tex\latex\00miktex\graphics.cfg
File: graphics.cfg 2007/01/18 v1.5 graphics configuration of teTeX/TeXLive
)
Package graphics Info: Driver file: pdftex.def on input line 91.

(X:\tex\miktex\tex\latex\pdftex-def\pdftex.def
File: pdftex.def 2011/05/27 v0.06d Graphics/color for pdfTeX

(X:\tex\miktex\tex\generic\oberdiek\infwarerr.sty
Package: infwarerr 2010/04/08 v1.3 Providing info/warning/error messages (HO)
)
(X:\tex\miktex\tex\generic\oberdiek\ltxcmds.sty
Package: ltxcmds 2011/11/09 v1.22 LaTeX kernel commands for general use (HO)
)
\Gread@gobject=\count112
))
\Gin@req@height=\dimen137
\Gin@req@width=\dimen138
)
(X:\tex\miktex\tex\latex\fancyhdr\fancyhdr.sty
\fancy@headwidth=\skip53
\f@ncyO@elh=\skip54
\f@ncyO@erh=\skip55
\f@ncyO@olh=\skip56
\f@ncyO@orh=\skip57
\f@ncyO@elf=\skip58
\f@ncyO@erf=\skip59
\f@ncyO@olf=\skip60
\f@ncyO@orf=\skip61
)
(X:\tex\miktex\tex\latex\preprint\authblk.sty
Package: authblk 2001/02/27 1.3 (PWD)
\affilsep=\skip62
\@affilsep=\skip63
\c@Maxaffil=\count113
\c@authors=\count114
\c@affil=\count115
)
(X:\tex\miktex\tex\latex\lineno\lineno.sty
Package: lineno 2005/11/02 line numbers on paragraphs v4.41
\linenopenalty=\count116
\output=\toks28
\linenoprevgraf=\count117
\linenumbersep=\dimen139
\linenumberwidth=\dimen140
\c@linenumber=\count118
\c@pagewiselinenumber=\count119
\c@LN@truepage=\count120
\c@internallinenumber=\count121
\c@internallinenumbers=\count122
\quotelinenumbersep=\dimen141
\bframerule=\dimen142
\bframesep=\dimen143
\bframebox=\box33
LaTeX Info: Redefining \\ on input line 3056.
)
(X:\tex\miktex\tex\latex\url\url.sty
\Urlmuskip=\muskip11
Package: url 2013/09/16  ver 3.4  Verb mode for urls, etc.
)
(X:\tex\miktex\tex\latex\hyperref\hyperref.sty
Package: hyperref 2012/11/06 v6.83m Hypertext links for LaTeX

(X:\tex\miktex\tex\generic\oberdiek\hobsub-hyperref.sty
Package: hobsub-hyperref 2012/04/25 v1.12 Bundle oberdiek, subset hyperref (HO)


(X:\tex\miktex\tex\generic\oberdiek\hobsub-generic.sty
Package: hobsub-generic 2012/04/25 v1.12 Bundle oberdiek, subset generic (HO)
Package: hobsub 2012/04/25 v1.12 Construct package bundles (HO)
Package hobsub Info: Skipping package `infwarerr' (already loaded).
Package hobsub Info: Skipping package `ltxcmds' (already loaded).
Package: ifluatex 2010/03/01 v1.3 Provides the ifluatex switch (HO)
Package ifluatex Info: LuaTeX not detected.
Package hobsub Info: Skipping package `ifvtex' (already loaded).
Package: intcalc 2007/09/27 v1.1 Expandable calculations with integers (HO)
Package hobsub Info: Skipping package `ifpdf' (already loaded).
Package: etexcmds 2011/02/16 v1.5 Avoid name clashes with e-TeX commands (HO)
Package etexcmds Info: Could not find \expanded.
(etexcmds)             That can mean that you are not using pdfTeX 1.50 or
(etexcmds)             that some package has redefined \expanded.
(etexcmds)             In the latter case, load this package earlier.
Package: kvsetkeys 2012/04/25 v1.16 Key value parser (HO)
Package: kvdefinekeys 2011/04/07 v1.3 Define keys (HO)
Package: pdftexcmds 2011/11/29 v0.20 Utility functions of pdfTeX for LuaTeX (HO
)
Package pdftexcmds Info: LuaTeX not detected.
Package pdftexcmds Info: \pdf@primitive is available.
Package pdftexcmds Info: \pdf@ifprimitive is available.
Package pdftexcmds Info: \pdfdraftmode found.
Package: pdfescape 2011/11/25 v1.13 Implements pdfTeX's escape features (HO)
Package: bigintcalc 2012/04/08 v1.3 Expandable calculations on big integers (HO
)
Package: bitset 2011/01/30 v1.1 Handle bit-vector datatype (HO)
Package: uniquecounter 2011/01/30 v1.2 Provide unlimited unique counter (HO)
)
Package hobsub Info: Skipping package `hobsub' (already loaded).
Package: letltxmacro 2010/09/02 v1.4 Let assignment for LaTeX macros (HO)
Package: hopatch 2011/06/24 v1.1 Wrapper for package hooks (HO)
Package: xcolor-patch 2011/01/30 xcolor patch
Package: atveryend 2011/06/30 v1.8 Hooks at the very end of document (HO)
Package atveryend Info: \enddocument detected (standard20110627).
Package: atbegshi 2011/10/05 v1.16 At begin shipout hook (HO)
Package: refcount 2011/10/16 v3.4 Data extraction from label references (HO)
Package: hycolor 2011/01/30 v1.7 Color options for hyperref/bookmark (HO)
)
(X:\tex\miktex\tex\latex\oberdiek\auxhook.sty
Package: auxhook 2011/03/04 v1.3 Hooks for auxiliary files (HO)
)
(X:\tex\miktex\tex\latex\oberdiek\kvoptions.sty
Package: kvoptions 2011/06/30 v3.11 Key value format for package options (HO)
)
\@linkdim=\dimen144
\Hy@linkcounter=\count123
\Hy@pagecounter=\count124

(X:\tex\miktex\tex\latex\hyperref\pd1enc.def
File: pd1enc.def 2012/11/06 v6.83m Hyperref: PDFDocEncoding definition (HO)
)
\Hy@SavedSpaceFactor=\count125

(X:\tex\miktex\tex\latex\00miktex\hyperref.cfg
File: hyperref.cfg 2002/06/06 v1.2 hyperref configuration of TeXLive
)
Package hyperref Info: Hyper figures OFF on input line 4443.
Package hyperref Info: Link nesting OFF on input line 4448.
Package hyperref Info: Hyper index ON on input line 4451.
Package hyperref Info: Plain pages OFF on input line 4458.
Package hyperref Info: Backreferencing OFF on input line 4463.
Package hyperref Info: Implicit mode ON; LaTeX internals redefined.
Package hyperref Info: Bookmarks ON on input line 4688.
\c@Hy@tempcnt=\count126
LaTeX Info: Redefining \url on input line 5041.
\XeTeXLinkMargin=\dimen145
\Fld@menulength=\count127
\Field@Width=\dimen146
\Fld@charsize=\dimen147
Package hyperref Info: Hyper figures OFF on input line 6295.
Package hyperref Info: Link nesting OFF on input line 6300.
Package hyperref Info: Hyper index ON on input line 6303.
Package hyperref Info: backreferencing OFF on input line 6310.
Package hyperref Info: Link coloring OFF on input line 6315.
Package hyperref Info: Link coloring with OCG OFF on input line 6320.
Package hyperref Info: PDF/A mode OFF on input line 6325.
LaTeX Info: Redefining \ref on input line 6365.
LaTeX Info: Redefining \pageref on input line 6369.
\Hy@abspage=\count128
\c@Item=\count129
\c@Hfootnote=\count130
)

Package hyperref Message: Driver (autodetected): hpdftex.

(X:\tex\miktex\tex\latex\hyperref\hpdftex.def
File: hpdftex.def 2012/11/06 v6.83m Hyperref driver for pdfTeX
\Fld@listcount=\count131
\c@bookmark@seq@number=\count132

(X:\tex\miktex\tex\latex\oberdiek\rerunfilecheck.sty
Package: rerunfilecheck 2011/04/15 v1.7 Rerun checks for auxiliary files (HO)
Package uniquecounter Info: New unique counter `rerunfilecheck' on input line 2
82.
)
\Hy@SectionHShift=\skip64
)
Package hyperref Info: Option `colorlinks' set `true' on input line 29.

(X:\tex\miktex\tex\latex\caption\caption.sty
Package: caption 2013/05/02 v3.3-89 Customizing captions (AR)

(X:\tex\miktex\tex\latex\caption\caption3.sty
Package: caption3 2013/05/02 v1.6-88 caption3 kernel (AR)
Package caption3 Info: TeX engine: e-TeX on input line 57.
\captionmargin=\dimen148
\captionmargin@=\dimen149
\captionwidth=\dimen150
\caption@tempdima=\dimen151
\caption@indent=\dimen152
\caption@parindent=\dimen153
\caption@hangindent=\dimen154
)
\c@ContinuedFloat=\count133
Package caption Info: hyperref package is loaded.
Package caption Info: longtable package is loaded.

(X:\tex\miktex\tex\latex\caption\ltcaption.sty
Package: ltcaption 2013/02/03 v1.3-62 longtable captions (AR)
))
(X:\tex\miktex\tex\latex\oberdiek\epstopdf.sty
Package: epstopdf 2010/02/09 v2.5 Conversion with epstopdf on the fly (HO)

(X:\tex\miktex\tex\latex\oberdiek\epstopdf-base.sty
Package: epstopdf-base 2010/02/09 v2.5 Base part for package epstopdf

(X:\tex\miktex\tex\latex\oberdiek\grfext.sty
Package: grfext 2010/08/19 v1.1 Manage graphics extensions (HO)
)
Package grfext Info: Graphics extension search list:
(grfext)             [.png,.pdf,.jpg,.mps,.jpeg,.jbig2,.jb2,.PNG,.PDF,.JPG,.JPE
G,.JBIG2,.JB2,.eps]
(grfext)             \AppendGraphicsExtensions on input line 452.
))
(X:\tex\miktex\tex\latex\enumitem\enumitem.sty
Package: enumitem 2011/09/28 v3.5.2 Customized lists
\labelindent=\skip65
\enit@outerparindent=\dimen155
\enit@toks=\toks29
\enit@inbox=\box34
\enitdp@description=\count134
)
(X:\tex\miktex\tex\latex\filecontents\filecontents.sty
Package: filecontents 2011/10/08 v1.3 Create an external file from within a LaT
eX document
)

LaTeX Warning: Overwriting file `./CPP.bib'.


("C:\Users\cpr22\Google Drive\work\ypfs\cpp\code\CPP.aux")
LaTeX Font Info:    Checking defaults for OML/cmm/m/it on input line 268.
LaTeX Font Info:    ... okay on input line 268.
LaTeX Font Info:    Checking defaults for T1/cmr/m/n on input line 268.
LaTeX Font Info:    ... okay on input line 268.
LaTeX Font Info:    Checking defaults for OT1/cmr/m/n on input line 268.
LaTeX Font Info:    ... okay on input line 268.
LaTeX Font Info:    Checking defaults for OMS/cmsy/m/n on input line 268.
LaTeX Font Info:    ... okay on input line 268.
LaTeX Font Info:    Checking defaults for OMX/cmex/m/n on input line 268.
LaTeX Font Info:    ... okay on input line 268.
LaTeX Font Info:    Checking defaults for U/cmr/m/n on input line 268.
LaTeX Font Info:    ... okay on input line 268.
LaTeX Font Info:    Checking defaults for PD1/pdf/m/n on input line 268.
LaTeX Font Info:    ... okay on input line 268.

*geometry* driver: auto-detecting
*geometry* detected driver: pdftex
*geometry* verbose mode - [ preamble ] result:
* driver: pdftex
* paper: <default>
* layout: <same size as paper>
* layoutoffset:(h,v)=(0.0pt,0.0pt)
* modes: 
* h-part:(L,W,R)=(108.405pt, 397.485pt, 108.405pt)
* v-part:(T,H,B)=(72.26999pt, 650.43001pt, 72.26999pt)
* \paperwidth=614.295pt
* \paperheight=794.96999pt
* \textwidth=397.485pt
* \textheight=650.43001pt
* \oddsidemargin=36.13501pt
* \evensidemargin=36.13501pt
* \topmargin=-37.0pt
* \headheight=12.0pt
* \headsep=25.0pt
* \topskip=12.0pt
* \footskip=30.0pt
* \marginparwidth=44.0pt
* \marginparsep=10.0pt
* \columnsep=10.0pt
* \skip\footins=10.8pt plus 4.0pt minus 2.0pt
* \hoffset=0.0pt
* \voffset=0.0pt
* \mag=1000
* \@twocolumnfalse
* \@twosidefalse
* \@mparswitchfalse
* \@reversemarginfalse
* (1in=72.27pt=25.4mm, 1cm=28.453pt)

(X:\tex\miktex\tex\context\base\supp-pdf.mkii
[Loading MPS to PDF converter (version 2006.09.02).]
\scratchcounter=\count135
\scratchdimen=\dimen156
\scratchbox=\box35
\nofMPsegments=\count136
\nofMParguments=\count137
\everyMPshowfont=\toks30
\MPscratchCnt=\count138
\MPscratchDim=\dimen157
\MPnumerator=\count139
\makeMPintoPDFobject=\count140
\everyMPtoPDFconversion=\toks31
)
\AtBeginShipoutBox=\box36
 (X:\tex\miktex\tex\latex\graphics\color.sty
Package: color 2005/11/14 v1.0j Standard LaTeX Color (DPC)

(X:\tex\miktex\tex\latex\00miktex\color.cfg
File: color.cfg 2007/01/18 v1.5 color configuration of teTeX/TeXLive
)
Package color Info: Driver file: pdftex.def on input line 130.
)
Package hyperref Info: Link coloring ON on input line 268.

(X:\tex\miktex\tex\latex\hyperref\nameref.sty
Package: nameref 2012/10/27 v2.43 Cross-referencing by name of section

(X:\tex\miktex\tex\generic\oberdiek\gettitlestring.sty
Package: gettitlestring 2010/12/03 v1.4 Cleanup title references (HO)
)
\c@section@level=\count141
)
LaTeX Info: Redefining \ref on input line 268.
LaTeX Info: Redefining \pageref on input line 268.
LaTeX Info: Redefining \nameref on input line 268.

("C:\Users\cpr22\Google Drive\work\ypfs\cpp\code\CPP.out")
("C:\Users\cpr22\Google Drive\work\ypfs\cpp\code\CPP.out")
\@outlinefile=\write3
Package caption Info: Begin \AtBeginDocument code.
Package caption Info: End \AtBeginDocument code.
LaTeX Font Info:    Try loading font information for U+msa on input line 282.

(X:\tex\miktex\tex\latex\amsfonts\umsa.fd
File: umsa.fd 2013/01/14 v3.01 AMS symbols A
)
LaTeX Font Info:    Try loading font information for U+msb on input line 282.

(X:\tex\miktex\tex\latex\amsfonts\umsb.fd
File: umsb.fd 2013/01/14 v3.01 AMS symbols B
)
Underfull \hbox (badness 10000) in paragraph at lines 284--290

 []

[1

{C:/Users/cpr22/AppData/Local/MiKTeX/2.9/pdftex/config/pdftex.map}]
("C:\Users\cpr22\Google Drive\work\ypfs\cpp\code\CPP.toc")
\tf@toc=\write4
 [2] [3]

pdfTeX warning: pdflatex.EXE (file C:/Users/cpr22/Google Drive/work/ypfs/cpp/in
put/ted.pdf): PDF inclusion: found PDF version <1.6>, but at most version <1.5>
 allowed
<../input/ted.pdf, id=158, 511.49483pt x 177.25122pt>
File: ../input/ted.pdf Graphic file (type pdf)
 <use ../input/ted.pdf>
Package pdftex.def Info: ../input/ted.pdf used on input line 309.
(pdftex.def)             Requested size: 397.485pt x 137.74692pt.

[4 <C:/Users/cpr22/Google Drive/work/ypfs/cpp/input/ted.pdf>] [5]
<../input/CDS.pdf, id=216, 514.02641pt x 153.95518pt>
File: ../input/CDS.pdf Graphic file (type pdf)
 <use ../input/CDS.pdf>
Package pdftex.def Info: ../input/CDS.pdf used on input line 368.
(pdftex.def)             Requested size: 397.485pt x 119.0556pt.


LaTeX Warning: `h' float specifier changed to `ht'.

<../input/Exits.pdf, id=218, 502.2238pt x 175.05803pt>
File: ../input/Exits.pdf Graphic file (type pdf)

<use ../input/Exits.pdf>
Package pdftex.def Info: ../input/Exits.pdf used on input line 380.
(pdftex.def)             Requested size: 397.485pt x 138.54807pt.


LaTeX Warning: `h' float specifier changed to `ht'.

("C:\Users\cpr22\Google Drive\work\ypfs\cpp\code\CPP.bbl"
Missing character: There is no â in font cmr12!
Missing character: There is no € in font cmr12!
Missing character: There is no ™ in font cmr12!
 [6] [7 <C:/Users/cpr22/Google Drive/work/ypfs/cpp/input/CDS.pdf>]
Underfull \hbox (badness 10000) in paragraph at lines 67--72
[]\OT1/cmr/m/n/12 Morrison Fo-er-ster.  Cap-i-tal As-sis-tance Pro-gram Pub-lic
 (CAP)
 []


Underfull \hbox (badness 6428) in paragraph at lines 67--72
\OT1/cmr/m/n/12 Cheat Sheet.  2009.  URL [][]$\OT1/cmtt/m/n/12 http : / / media
 . mofo . com / docs / pdf /$
 []


Underfull \hbox (badness 6526) in paragraph at lines 74--79
\OT1/cmr/m/n/12 Ret-ro-spec-tive.  2010.  URL [][]$\OT1/cmtt/m/n/12 https : / /
 www . treasury . gov / press -[]$
 []


Underfull \hbox (badness 10000) in paragraph at lines 74--79
$\OT1/cmtt/m/n/12 center / news / Documents / TARP % 20Two % 20Year % 20Retrosp
ective _ 10 %$
 []

[8 <C:/Users/cpr22/Google Drive/work/ypfs/cpp/input/Exits.pdf>]
Underfull \hbox (badness 1270) in paragraph at lines 99--103
[]\OT1/cmr/m/n/12 Gwen Robin-son.  MUFG to rene-go-ti-ate Mor-gan Stan-ley deal
, 2008a.
 []


Underfull \hbox (badness 10000) in paragraph at lines 99--103
\OT1/cmr/m/n/12 URL [][]$\OT1/cmtt/m/n/12 http : / / ftalphaville . ft . com / 
2008 / 10 / 13 / 16948 / mufg -[] to -[]$
 []


Underfull \hbox (badness 4859) in paragraph at lines 140--145
\OT1/cmr/m/n/12 2008a.  URL [][]$\OT1/cmtt/m/n/12 https : / / www . treasury . 
gov / initiatives / financial -[]$
 []


Underfull \hbox (badness 10000) in paragraph at lines 140--145
$\OT1/cmtt/m/n/12 stability / TARP -[] Programs / bank -[] investment -[] progr
ams / cap /$
 []


Underfull \hbox (badness 5939) in paragraph at lines 147--152
[]\OT1/cmr/m/n/12 U.S. Trea-sury.  Process-Related FAQs for Cap-i-tal Pur-chase
 Pro-
 []

)
LaTeX Font Info:    Try loading font information for OMS+cmr on input line 406.

 (X:\tex\miktex\tex\latex\base\omscmr.fd
File: omscmr.fd 1999/05/25 v2.5h Standard LaTeX font definitions
)
LaTeX Font Info:    Font shape `OMS/cmr/m/n' in size <12> not available
(Font)              Font shape `OMS/cmsy/m/n' tried instead on input line 406.
 [9]
Overfull \hbox (3.38988pt too wide) in paragraph at lines 409--411
$\OT1/cmtt/m/n/12 www . treasury . gov / press -[] center / press -[] releases 
/ Documents / tg40 _$
 []


Overfull \hbox (7.87811pt too wide) in paragraph at lines 434--436
\OT1/cmr/m/it/12 ter mak-ing no in-vest-ments. [][]$\OT1/cmtt/m/n/12 https : / 
/ www . treasury . gov / press -[] center /$
 []

[10]
Overfull \hbox (34.2649pt too wide) in paragraph at lines 442--445
[][]$\OT1/cmtt/m/n/12 https : / / www . treasury . gov / press -[] center / pre
ss -[] releases / Pages / tg139 .$
 []

Missing character: There is no â in font cmr12!
Missing character: There is no â in font cmr12!
Missing character: There is no â in font cmr12!
Missing character: There is no € in font cmr12!
Missing character: There is no â in font cmr12!
Missing character: There is no € in font cmr12!
Missing character: There is no € in font cmr12!
Missing character: There is no ™ in font cmr12!
Missing character: There is no € in font cmr12!
Missing character: There is no ™ in font cmr12!
Missing character: There is no ™ in font cmr12!
Missing character: There is no ™ in font cmr12!
Missing character: There is no â in font cmr12!
Missing character: There is no € in font cmr12!
Missing character: There is no ™ in font cmr12!

Overfull \hbox (23.32077pt too wide) in paragraph at lines 475--479
\OT1/cmr/m/it/12 TARP. [][]$\OT1/cmtt/m/n/12 http : / / www . treasury . gov / 
press -[] center / news / Documents / TARP %$
 []


Overfull \hbox (20.91489pt too wide) in paragraph at lines 475--479
$\OT1/cmtt/m/n/12 20Two % 20Year % 20Retrospective _ 10 % 2005 % 2010 _ transmi
ttal % 20letter .$
 []

[11] [12]
Underfull \hbox (badness 10000) in paragraph at lines 527--527
[][]$\OT1/cmtt/m/n/10 https : / / www . treasury . gov / press -[] center / pre
ss -[] releases / Documents / tg40 _$
 []

[13]
Package atveryend Info: Empty hook `BeforeClearDocument' on input line 536.
 [14]
Package atveryend Info: Empty hook `AfterLastShipout' on input line 536.
 ("C:\Users\cpr22\Google Drive\work\ypfs\cpp\code\CPP.aux")
Package atveryend Info: Executing hook `AtVeryEndDocument' on input line 536.
Package atveryend Info: Executing hook `AtEndAfterFileList' on input line 536.
Package rerunfilecheck Info: File `CPP.out' has not changed.
(rerunfilecheck)             Checksum: 87218AEB6A58C4CAC934DC0B943D614E;1319.
Package atveryend Info: Empty hook `AtVeryVeryEnd' on input line 536.
 ) 
Here is how much of TeX's memory you used:
 9194 strings out of 493921
 132856 string characters out of 3152896
 239014 words of memory out of 3000000
 12229 multiletter control sequences out of 15000+200000
 15249 words of font info for 59 fonts, out of 3000000 for 9000
 841 hyphenation exceptions out of 8191
 36i,11n,47p,2438b,642s stack positions out of 5000i,500n,10000p,200000b,50000s
<X:/tex/miktex/fonts/type1/public/amsfonts/cm/cmbx10.pfb><X:/tex/miktex/fonts
/type1/public/amsfonts/cm/cmbx12.pfb><X:/tex/miktex/fonts/type1/public/amsfonts
/cm/cmcsc10.pfb><X:/tex/miktex/fonts/type1/public/amsfonts/cm/cmr10.pfb><X:/tex
/miktex/fonts/type1/public/amsfonts/cm/cmr12.pfb><X:/tex/miktex/fonts/type1/pub
lic/amsfonts/cm/cmr17.pfb><X:/tex/miktex/fonts/type1/public/amsfonts/cm/cmr7.pf
b><X:/tex/miktex/fonts/type1/public/amsfonts/cm/cmr8.pfb><X:/tex/miktex/fonts/t
ype1/public/amsfonts/cm/cmsy10.pfb><X:/tex/miktex/fonts/type1/public/amsfonts/c
m/cmsy7.pfb><X:/tex/miktex/fonts/type1/public/amsfonts/cm/cmti12.pfb><X:/tex/mi
ktex/fonts/type1/public/amsfonts/cm/cmtt10.pfb><X:/tex/miktex/fonts/type1/publi
c/amsfonts/cm/cmtt12.pfb><X:/tex/miktex/fonts/type1/public/amsfonts/cm/cmu10.pf
b>
Output written on CPP.pdf (14 pages, 365382 bytes).
PDF statistics:
 469 PDF objects out of 1000 (max. 8388607)
 118 named destinations out of 1000 (max. 500000)
 168 words of extra memory for PDF output out of 10000 (max. 10000000)

